<?xml version="1.0" encoding="UTF-8"?>
<!-- Generated by org.testng.reporters.JUnitXMLReporter -->
<testsuite ignored="0" hostname="INWPF1BWGP9-AAD" failures="3" tests="15" name="Free CRM App Test Cases" time="802.901" errors="0" timestamp="2022-07-23T19:48:52 IST">
  <testcase classname="com.crm.qa.tests.TestLoginPage" name="validateTitle" time="0.045"/>
  <testcase classname="com.crm.qa.tests.TestLoginPage" name="validateLogin" time="9.649"/>
  <testcase classname="com.crm.qa.tests.TestHomePage" name="validateUserInfo" time="0.348"/>
  <testcase classname="com.crm.qa.tests.TestHomePage" name="clickContacts" time="1.813"/>
  <testcase classname="com.crm.qa.tests.TestHomePage" name="hoverOnContacts" time="5.196"/>
  <testcase classname="com.crm.qa.tests.TestContactsPage" name="validateUserInfoInContactsPage" time="0.148"/>
  <testcase classname="com.crm.qa.tests.TestContactsPage" name="createContact" time="60.075">
    <skipped/>
  </testcase> <!-- createContact -->
  <testcase classname="com.crm.qa.tests.TestContactsPage" name="createContact" time="60.136">
    <skipped/>
  </testcase> <!-- createContact -->
  <testcase classname="com.crm.qa.tests.TestContactsPage" name="createContact" time="60.123">
    <failure type="org.openqa.selenium.NoSuchFrameException" message="No frame element found by name or id mainpanel
Build info: version: &amp;apos;4.3.0&amp;apos;, revision: &amp;apos;a4995e2c09*&amp;apos;
System info: host: &amp;apos;INWPF1BWGP9-AAD&amp;apos;, ip: &amp;apos;192.168.1.3&amp;apos;, os.name: &amp;apos;Windows 10&amp;apos;, os.arch: &amp;apos;amd64&amp;apos;, os.version: &amp;apos;10.0&amp;apos;, java.version: &amp;apos;15.0.1&amp;apos;
Driver info: driver.version: unknown">
      <![CDATA[org.openqa.selenium.NoSuchFrameException: No frame element found by name or id mainpanel
Build info: version: '4.3.0', revision: 'a4995e2c09*'
System info: host: 'INWPF1BWGP9-AAD', ip: '192.168.1.3', os.name: 'Windows 10', os.arch: 'amd64', os.version: '10.0', java.version: '15.0.1'
Driver info: driver.version: unknown
at org.openqa.selenium.remote.RemoteWebDriver$RemoteTargetLocator.frame(RemoteWebDriver.java:1088)
at org.openqa.selenium.support.decorators.WebDriverDecorator.call(WebDriverDecorator.java:236)
at org.openqa.selenium.support.decorators.DefaultDecorated.call(DefaultDecorated.java:48)
at org.openqa.selenium.support.decorators.WebDriverDecorator.lambda$createProxy$0(WebDriverDecorator.java:298)
at net.bytebuddy.renamed.java.lang.Object$ByteBuddy$YfDPozrY.frame(Unknown Source)
at com.crm.qa.pages.HomePage.hoverOnContacts(HomePage.java:46)
at com.crm.qa.tests.TestContactsPage.createContact(TestContactsPage.java:48)
at java.base/java.util.ArrayList.forEach(ArrayList.java:1511)
... Removed 31 stack frames]]>
    </failure>
  </testcase> <!-- createContact -->
  <testcase classname="com.crm.qa.tests.TestContactsPage" name="createContact" time="60.144">
    <skipped/>
  </testcase> <!-- createContact -->
  <testcase classname="com.crm.qa.tests.TestContactsPage" name="createContact" time="60.058">
    <skipped/>
  </testcase> <!-- createContact -->
  <testcase classname="com.crm.qa.tests.TestContactsPage" name="createContact" time="60.082">
    <failure type="org.openqa.selenium.NoSuchFrameException" message="No frame element found by name or id mainpanel
Build info: version: &amp;apos;4.3.0&amp;apos;, revision: &amp;apos;a4995e2c09*&amp;apos;
System info: host: &amp;apos;INWPF1BWGP9-AAD&amp;apos;, ip: &amp;apos;192.168.1.3&amp;apos;, os.name: &amp;apos;Windows 10&amp;apos;, os.arch: &amp;apos;amd64&amp;apos;, os.version: &amp;apos;10.0&amp;apos;, java.version: &amp;apos;15.0.1&amp;apos;
Driver info: driver.version: unknown">
      <![CDATA[org.openqa.selenium.NoSuchFrameException: No frame element found by name or id mainpanel
Build info: version: '4.3.0', revision: 'a4995e2c09*'
System info: host: 'INWPF1BWGP9-AAD', ip: '192.168.1.3', os.name: 'Windows 10', os.arch: 'amd64', os.version: '10.0', java.version: '15.0.1'
Driver info: driver.version: unknown
at org.openqa.selenium.remote.RemoteWebDriver$RemoteTargetLocator.frame(RemoteWebDriver.java:1088)
at org.openqa.selenium.support.decorators.WebDriverDecorator.call(WebDriverDecorator.java:236)
at org.openqa.selenium.support.decorators.DefaultDecorated.call(DefaultDecorated.java:48)
at org.openqa.selenium.support.decorators.WebDriverDecorator.lambda$createProxy$0(WebDriverDecorator.java:298)
at net.bytebuddy.renamed.java.lang.Object$ByteBuddy$CYG3tlkW.frame(Unknown Source)
at com.crm.qa.pages.HomePage.hoverOnContacts(HomePage.java:46)
at com.crm.qa.tests.TestContactsPage.createContact(TestContactsPage.java:48)
at java.base/java.util.ArrayList.forEach(ArrayList.java:1511)
... Removed 31 stack frames]]>
    </failure>
  </testcase> <!-- createContact -->
  <testcase classname="com.crm.qa.tests.TestContactsPage" name="createContact" time="60.135">
    <skipped/>
  </testcase> <!-- createContact -->
  <testcase classname="com.crm.qa.tests.TestContactsPage" name="createContact" time="60.088">
    <skipped/>
  </testcase> <!-- createContact -->
  <testcase classname="com.crm.qa.tests.TestContactsPage" name="createContact" time="60.124">
    <failure type="org.openqa.selenium.NoSuchFrameException" message="No frame element found by name or id mainpanel
Build info: version: &amp;apos;4.3.0&amp;apos;, revision: &amp;apos;a4995e2c09*&amp;apos;
System info: host: &amp;apos;INWPF1BWGP9-AAD&amp;apos;, ip: &amp;apos;192.168.1.3&amp;apos;, os.name: &amp;apos;Windows 10&amp;apos;, os.arch: &amp;apos;amd64&amp;apos;, os.version: &amp;apos;10.0&amp;apos;, java.version: &amp;apos;15.0.1&amp;apos;
Driver info: driver.version: unknown">
      <![CDATA[org.openqa.selenium.NoSuchFrameException: No frame element found by name or id mainpanel
Build info: version: '4.3.0', revision: 'a4995e2c09*'
System info: host: 'INWPF1BWGP9-AAD', ip: '192.168.1.3', os.name: 'Windows 10', os.arch: 'amd64', os.version: '10.0', java.version: '15.0.1'
Driver info: driver.version: unknown
at org.openqa.selenium.remote.RemoteWebDriver$RemoteTargetLocator.frame(RemoteWebDriver.java:1088)
at org.openqa.selenium.support.decorators.WebDriverDecorator.call(WebDriverDecorator.java:236)
at org.openqa.selenium.support.decorators.DefaultDecorated.call(DefaultDecorated.java:48)
at org.openqa.selenium.support.decorators.WebDriverDecorator.lambda$createProxy$0(WebDriverDecorator.java:298)
at net.bytebuddy.renamed.java.lang.Object$ByteBuddy$r2hhw8Ro.frame(Unknown Source)
at com.crm.qa.pages.HomePage.hoverOnContacts(HomePage.java:46)
at com.crm.qa.tests.TestContactsPage.createContact(TestContactsPage.java:48)
at java.base/java.util.ArrayList.forEach(ArrayList.java:1511)
... Removed 30 stack frames]]>
    </failure>
  </testcase> <!-- createContact -->
</testsuite> <!-- Free CRM App Test Cases -->
