<?xml version="1.0" encoding="UTF-8"?>
<!-- Generated by org.testng.reporters.JUnitXMLReporter -->
<testsuite ignored="1" hostname="INWPF1BWGP9-AAD" failures="0" tests="1" name="Default test" time="25.096" errors="0" timestamp="2022-07-21T14:59:51 IST">
  <testcase classname="com.crm.qa.tests.TestContactsPage" name="validateUserInfoInContactsPage" time="0.112"/>
  <testcase classname="com.crm.qa.tests.TestContactsPage" name="createContact" time="0.0">
    <ignored/>
  </testcase> <!-- createContact -->
</testsuite> <!-- Default test -->
